INFO:  latexindent.exe version 3.23.3, 2023-10-13, a script to indent .tex files
       latexindent.exe lives here: C:/Program Files/texlive/2023/bin/windows/
       Sat Feb 24 05:08:45 2024
       Filename: c:/Users/alitt/OneDrive - University of Toronto/Courses/Other Courses/Other/Homework Template/Template-Homework-Project/clsfiles/__latexindent_temp_shortcuts.sty
INFO:  Processing switches:
       -y|--yaml: YAML settings specified via command line
       -c|--cruft: cruft directory
INFO:  Directory for backup files and c:/Users/alitt/OneDrive - University of Toronto/Courses/Other Courses/Other/Homework Template/Template-Homework-Project//indent.log:
       c:/Users/alitt/OneDrive - University of Toronto/Courses/Other Courses/Other/Homework Template/Template-Homework-Project/
INFO:  YAML settings read: defaultSettings.yaml
       Reading defaultSettings.yaml from C:/Program Files/texlive/2023/bin/windows/defaultSettings.yaml
       Reading defaultSettings.yaml (2nd attempt) from C:/Program Files/texlive/2023/bin/windows/../../texmf-dist/scripts/latexindent/defaultSettings.yaml
       and then, if necessary, C:/Program Files/texlive/2023/bin/windows/LatexIndent/defaultSettings.yaml
INFO:  YAML reading settings
       Home directory is C:\Users\alitt
       latexindent.pl didn't find indentconfig.yaml or .indentconfig.yaml
       see all possible locations: https://latexindentpl.readthedocs.io/en/latest/sec-appendices.html#indentconfig-options)
INFO:  YAML settings read: -y switch
       YAML setting: defaultIndent:'    '
       single-quoted string found in -y switch: '    ', substitute to     
       Updating mainSettings with defaultIndent:     
INFO:  Phase 1: searching for objects
INFO:  Phase 2: finding surrounding indentation
INFO:  Phase 3: indenting objects
INFO:  Phase 4: final indentation check
INFO:  Output routine:
       Not outputting to file; see -w and -o switches for more options.
       --------------
INFO:  Please direct all communication/issues to:
        https://github.com/cmhughes/latexindent.pl
