\BOOKMARK [1][-]{section.1}{\376\377\000I\000n\000t\000r\000o\000d\000u\000c\000t\000i\000o\000n}{}% 1
\BOOKMARK [1][-]{section.2}{\376\377\000S\000e\000t\000t\000i\000n\000g\000s}{}% 2
\BOOKMARK [2][-]{subsection.2.1}{\376\377\000D\000o\000c\000u\000m\000e\000n\000t\000\040\000P\000r\000e\000a\000m\000b\000l\000e}{section.2}% 3
\BOOKMARK [2][-]{subsection.2.2}{\376\377\000D\000o\000c\000u\000m\000e\000n\000t\000\040\000C\000l\000a\000s\000s}{section.2}% 4
\BOOKMARK [1][-]{section.3}{\376\377\000C\000o\000m\000m\000a\000n\000d\000s}{}% 5
\BOOKMARK [2][-]{subsection.3.1}{\376\377\000F\000o\000r\000m\000a\000t\000t\000i\000n\000g\000\040\000C\000o\000m\000m\000a\000n\000d\000s}{section.3}% 6
\BOOKMARK [2][-]{subsection.3.2}{\376\377\000T\000C\000o\000l\000o\000r\000B\000o\000x\000\040\000C\000o\000m\000m\000a\000n\000d\000s}{section.3}% 7
\BOOKMARK [2][-]{subsection.3.3}{\376\377\000M\000a\000t\000h\000\040\000C\000o\000m\000m\000a\000n\000d\000s}{section.3}% 8
\BOOKMARK [2][-]{subsection.3.4}{\376\377\000S\000y\000m\000b\000o\000l\000\040\000A\000b\000b\000r\000e\000v\000i\000a\000t\000i\000o\000n\000s}{section.3}% 9
\BOOKMARK [3][-]{subsubsection.3.4.1}{\376\377\000G\000r\000e\000e\000k\000\040\000L\000e\000t\000t\000e\000r\000s}{subsection.3.4}% 10
\BOOKMARK [3][-]{subsubsection.3.4.2}{\376\377\000O\000t\000h\000e\000r\000\040\000s\000y\000m\000b\000o\000l\000s\000\040\000a\000n\000d\000\040\000O\000p\000e\000r\000a\000t\000i\000o\000n\000s}{subsection.3.4}% 11
\BOOKMARK [2][-]{subsection.3.5}{\376\377\000I\000m\000a\000g\000e\000\040\000a\000n\000d\000\040\000L\000i\000s\000t\000i\000n\000g}{section.3}% 12
\BOOKMARK [3][-]{subsubsection.3.5.1}{\376\377\000I\000m\000a\000g\000e}{subsection.3.5}% 13
\BOOKMARK [3][-]{subsubsection.3.5.2}{\376\377\000L\000i\000s\000t\000i\000n\000g}{subsection.3.5}% 14
\BOOKMARK [1][-]{section.4}{\376\377\000O\000t\000h\000e\000r\000\040\000N\000o\000t\000a\000b\000l\000e\000\040\000C\000o\000m\000m\000a\000n\000d\000s}{}% 15
\BOOKMARK [1][-]{section.5}{\376\377\000A\000d\000d\000i\000t\000i\000o\000n\000a\000l\000\040\000P\000a\000c\000k\000a\000g\000e\000s}{}% 16
\BOOKMARK [2][-]{subsection.5.1}{\376\377\000M\000A\000T\0002\0004\0000}{section.5}% 17
\BOOKMARK [2][-]{subsection.5.2}{\376\377\000C\000S\000C\0002\0004\0000}{section.5}% 18
\BOOKMARK [2][-]{subsection.5.3}{\376\377\000A\000l\000g}{section.5}% 19
\BOOKMARK [1][-]{section.6}{\376\377\000K\000n\000o\000w\000n\000\040\000B\000u\000g\000s\000\040\000/\000\040\000I\000m\000p\000r\000o\000v\000e\000m\000e\000n\000t\000s}{}% 20
